C:\!WORK\ROBOTS\LIB\FILEPNG\FILEPNG.LIB
C:\!work\robots\LIB\FilePNG\Lib\..\FilePNG.lib
C:\!work\robots\LIB\FilePNG\Lib\Release\cl.command.1.tlog
C:\!work\robots\LIB\FilePNG\Lib\Release\CL.read.1.tlog
C:\!work\robots\LIB\FilePNG\Lib\Release\CL.write.1.tlog
C:\!WORK\ROBOTS\LIB\FILEPNG\LIB\RELEASE\FILEPNG.OBJ
C:\!work\robots\LIB\FilePNG\Lib\Release\lib.command.1.tlog
C:\!work\robots\LIB\FilePNG\Lib\Release\Lib-link.read.1.tlog
C:\!work\robots\LIB\FilePNG\Lib\Release\Lib-link.write.1.tlog
C:\!WORK\ROBOTS\LIB\FILEPNG\LIB\RELEASE\PNG.OBJ
C:\!WORK\ROBOTS\LIB\FILEPNG\LIB\RELEASE\PNGERROR.OBJ
C:\!WORK\ROBOTS\LIB\FILEPNG\LIB\RELEASE\PNGGET.OBJ
C:\!WORK\ROBOTS\LIB\FILEPNG\LIB\RELEASE\PNGMEM.OBJ
C:\!WORK\ROBOTS\LIB\FILEPNG\LIB\RELEASE\PNGPREAD.OBJ
C:\!WORK\ROBOTS\LIB\FILEPNG\LIB\RELEASE\PNGREAD.OBJ
C:\!WORK\ROBOTS\LIB\FILEPNG\LIB\RELEASE\PNGRIO.OBJ
C:\!WORK\ROBOTS\LIB\FILEPNG\LIB\RELEASE\PNGRTRAN.OBJ
C:\!WORK\ROBOTS\LIB\FILEPNG\LIB\RELEASE\PNGRUTIL.OBJ
C:\!WORK\ROBOTS\LIB\FILEPNG\LIB\RELEASE\PNGSET.OBJ
C:\!WORK\ROBOTS\LIB\FILEPNG\LIB\RELEASE\PNGTRANS.OBJ
C:\!WORK\ROBOTS\LIB\FILEPNG\LIB\RELEASE\PNGVCRD.OBJ
C:\!WORK\ROBOTS\LIB\FILEPNG\LIB\RELEASE\PNGWIO.OBJ
C:\!WORK\ROBOTS\LIB\FILEPNG\LIB\RELEASE\PNGWRITE.OBJ
C:\!WORK\ROBOTS\LIB\FILEPNG\LIB\RELEASE\PNGWTRAN.OBJ
C:\!WORK\ROBOTS\LIB\FILEPNG\LIB\RELEASE\PNGWUTIL.OBJ
C:\!WORK\ROBOTS\LIB\FILEPNG\LIB\RELEASE\VC100.PDB
