C:\!WORK\ROBOTS\LIB\FILEPNG\FILEPNG.LIB
C:\!work\robots\LIB\FilePNG\Lib\..\FilePNG.lib
C:\!work\robots\LIB\FilePNG\Lib\Debug\cl.command.1.tlog
C:\!work\robots\LIB\FilePNG\Lib\Debug\CL.read.1.tlog
C:\!work\robots\LIB\FilePNG\Lib\Debug\CL.write.1.tlog
C:\!WORK\ROBOTS\LIB\FILEPNG\LIB\DEBUG\FILEPNG.OBJ
C:\!work\robots\LIB\FilePNG\Lib\Debug\lib.command.1.tlog
C:\!work\robots\LIB\FilePNG\Lib\Debug\Lib-link.read.1.tlog
C:\!work\robots\LIB\FilePNG\Lib\Debug\Lib-link.write.1.tlog
C:\!WORK\ROBOTS\LIB\FILEPNG\LIB\DEBUG\PNG.OBJ
C:\!WORK\ROBOTS\LIB\FILEPNG\LIB\DEBUG\PNGERROR.OBJ
C:\!WORK\ROBOTS\LIB\FILEPNG\LIB\DEBUG\PNGGET.OBJ
C:\!WORK\ROBOTS\LIB\FILEPNG\LIB\DEBUG\PNGMEM.OBJ
C:\!WORK\ROBOTS\LIB\FILEPNG\LIB\DEBUG\PNGPREAD.OBJ
C:\!WORK\ROBOTS\LIB\FILEPNG\LIB\DEBUG\PNGREAD.OBJ
C:\!WORK\ROBOTS\LIB\FILEPNG\LIB\DEBUG\PNGRIO.OBJ
C:\!WORK\ROBOTS\LIB\FILEPNG\LIB\DEBUG\PNGRTRAN.OBJ
C:\!WORK\ROBOTS\LIB\FILEPNG\LIB\DEBUG\PNGRUTIL.OBJ
C:\!WORK\ROBOTS\LIB\FILEPNG\LIB\DEBUG\PNGSET.OBJ
C:\!WORK\ROBOTS\LIB\FILEPNG\LIB\DEBUG\PNGTRANS.OBJ
C:\!WORK\ROBOTS\LIB\FILEPNG\LIB\DEBUG\PNGVCRD.OBJ
C:\!WORK\ROBOTS\LIB\FILEPNG\LIB\DEBUG\PNGWIO.OBJ
C:\!WORK\ROBOTS\LIB\FILEPNG\LIB\DEBUG\PNGWRITE.OBJ
C:\!WORK\ROBOTS\LIB\FILEPNG\LIB\DEBUG\PNGWTRAN.OBJ
C:\!WORK\ROBOTS\LIB\FILEPNG\LIB\DEBUG\PNGWUTIL.OBJ
C:\!work\robots\LIB\FilePNG\Lib\Debug\vc100.idb
C:\!WORK\ROBOTS\LIB\FILEPNG\LIB\DEBUG\VC100.PDB
