..\DebugMsg.pdb
C:\!WORK\DLL\DEBUGMSG.DLL
C:\!work\robots\LIB\DebugMsg\DebugMsg.exp
C:\!WORK\ROBOTS\LIB\DEBUGMSG\DEBUGMSG.LIB
C:\!work\robots\LIB\DebugMsg\Dll\..\DebugMsg.lib
C:\!work\robots\LIB\DebugMsg\Dll\Release\cl.command.1.tlog
C:\!work\robots\LIB\DebugMsg\Dll\Release\CL.read.1.tlog
C:\!work\robots\LIB\DebugMsg\Dll\Release\CL.write.1.tlog
C:\!WORK\ROBOTS\LIB\DEBUGMSG\DLL\RELEASE\COMMAND.OBJ
C:\!WORK\ROBOTS\LIB\DEBUGMSG\DLL\RELEASE\DEBUGMSG.DLL.INTERMEDIATE.MANIFEST
C:\!WORK\ROBOTS\LIB\DEBUGMSG\DLL\RELEASE\DEBUGMSG.OBJ
C:\!WORK\ROBOTS\LIB\DEBUGMSG\DLL\RELEASE\DEBUGMSG.PCH
C:\!work\robots\LIB\DebugMsg\Dll\Release\DebugMsg.write.1.tlog
C:\!WORK\ROBOTS\LIB\DEBUGMSG\DLL\RELEASE\FASTBUF.OBJ
C:\!work\robots\LIB\DebugMsg\Dll\Release\lib.command.1.tlog
C:\!work\robots\LIB\DebugMsg\Dll\Release\Lib-link.read.1.tlog
C:\!work\robots\LIB\DebugMsg\Dll\Release\Lib-link.write.1.tlog
C:\!work\robots\LIB\DebugMsg\Dll\Release\link.command.1.tlog
C:\!work\robots\LIB\DebugMsg\Dll\Release\link.read.1.tlog
C:\!work\robots\LIB\DebugMsg\Dll\Release\link.write.1.tlog
C:\!WORK\ROBOTS\LIB\DEBUGMSG\DLL\RELEASE\MAIN.OBJ
C:\!work\robots\LIB\DebugMsg\Dll\Release\mt.command.1.tlog
C:\!work\robots\LIB\DebugMsg\Dll\Release\mt.read.1.tlog
C:\!work\robots\LIB\DebugMsg\Dll\Release\mt.write.1.tlog
C:\!WORK\ROBOTS\LIB\DEBUGMSG\DLL\RELEASE\STDAFX.OBJ
C:\!WORK\ROBOTS\LIB\DEBUGMSG\DLL\RELEASE\SYNBUF.OBJ
C:\!WORK\ROBOTS\LIB\DEBUGMSG\DLL\RELEASE\VC100.PDB
