C:\!work\robots\LIB\ZLIB\Lib\..\ZLIB.lib
C:\!WORK\ROBOTS\LIB\ZLIB\LIB\RELEASE\ADLER32.OBJ
C:\!work\robots\LIB\ZLIB\Lib\Release\cl.command.1.tlog
C:\!work\robots\LIB\ZLIB\Lib\Release\CL.read.1.tlog
C:\!work\robots\LIB\ZLIB\Lib\Release\CL.write.1.tlog
C:\!WORK\ROBOTS\LIB\ZLIB\LIB\RELEASE\COMPRESS.OBJ
C:\!WORK\ROBOTS\LIB\ZLIB\LIB\RELEASE\CRC32.OBJ
C:\!WORK\ROBOTS\LIB\ZLIB\LIB\RELEASE\DEFLATE.OBJ
C:\!WORK\ROBOTS\LIB\ZLIB\LIB\RELEASE\GZIO.OBJ
C:\!WORK\ROBOTS\LIB\ZLIB\LIB\RELEASE\INFBLOCK.OBJ
C:\!WORK\ROBOTS\LIB\ZLIB\LIB\RELEASE\INFCODES.OBJ
C:\!WORK\ROBOTS\LIB\ZLIB\LIB\RELEASE\INFFAST.OBJ
C:\!WORK\ROBOTS\LIB\ZLIB\LIB\RELEASE\INFLATE.OBJ
C:\!WORK\ROBOTS\LIB\ZLIB\LIB\RELEASE\INFTREES.OBJ
C:\!WORK\ROBOTS\LIB\ZLIB\LIB\RELEASE\INFUTIL.OBJ
C:\!work\robots\LIB\ZLIB\Lib\Release\lib.command.1.tlog
C:\!work\robots\LIB\ZLIB\Lib\Release\Lib-link.read.1.tlog
C:\!work\robots\LIB\ZLIB\Lib\Release\Lib-link.write.1.tlog
C:\!WORK\ROBOTS\LIB\ZLIB\LIB\RELEASE\MAIN.OBJ
C:\!WORK\ROBOTS\LIB\ZLIB\LIB\RELEASE\TREES.OBJ
C:\!WORK\ROBOTS\LIB\ZLIB\LIB\RELEASE\UNCOMPR.OBJ
C:\!WORK\ROBOTS\LIB\ZLIB\LIB\RELEASE\VC100.PDB
C:\!WORK\ROBOTS\LIB\ZLIB\LIB\RELEASE\ZUTIL.OBJ
C:\!WORK\ROBOTS\LIB\ZLIB\ZLIB.LIB
